<?xml version="1.0" encoding="UTF-8" ?>
<testsuites errors="1"
            failures="1"
            tests="1">

  <testsuite name="POMCart.test"
    errors="1" failures="1" hostname="" id="" package="POMCart.test" skipped="0"
    tests="1" time="22.97" timestamp="">
  
    <testcase name="Simple search" classname="POMCart.test" time="22.97" assertions="3">

    

      <failure message="Timed out while waiting for element &lt;//p[@id=&#39;add_to_cart&#39;]/button&gt; to be present for 10000 milliseconds. - expected &#34;visible&#34; but got: &#34;not found&#34; (10188ms)">    at Object.Simple search (C:\rodrigo\automation-practice\tests\POM\POMCart.test.js:27:14)
    at processTicksAndRejections (internal/process/task_queues.js:97:5)</failure>

    
    <error message="Timed out while waiting for element &lt;//p[@id=&#39;add_to_cart&#39;]/button&gt; to be present for 10000 milliseconds. - expected [0;32m&#34;visible&#34;[0m but got: [0;31m&#34;not found&#34;[0m [0;90m(10188ms)[0m" type="error"><![CDATA[
        at Object.Simple search (C:\rodrigo\automation-practice\tests\POM\POMCart.test.js:27:14)
    at processTicksAndRejections (internal/process/task_queues.js:97:5)
    ]]></error>
    
    </testcase>
  

  
    <system-err>
        NoSuchElementError: An error occurred while running .click() command on &lt;a.product-name[0]&gt;:   (Session info: chrome=84.0.4147.89),  (Driver info: chromedriver=83.0.4103.39 (ccbf011cb2d2b19b506d844400483861342c20cd-refs/branch-heads/4103@{#416}),platform=Windows NT 10.0.18362 x86_64); invalid selector: An invalid or illegal selector was specified
   {&#34;status&#34;:-1,&#34;state&#34;:&#34;&#34;,&#34;value&#34;:{&#34;message&#34;:&#34;invalid selector: An invalid or illegal selector was specified&#34;,&#34;error&#34;:[&#34;  (Session info: chrome=84.0.4147.89)&#34;,&#34;  (Driver info: chromedriver=83.0.4103.39 (ccbf011cb2d2b19b506d844400483861342c20cd-refs/branch-heads/4103@{#416}),platform=Windows NT 10.0.18362 x86_64)&#34;]},&#34;errorStatus&#34;:32,&#34;error&#34;:&#34;invalid selector: An invalid or illegal selector was specified&#34;,&#34;httpStatusCode&#34;:200}
       at processTicksAndRejections (internal/process/task_queues.js:97:5)
    </system-err>
  

    

  
  </testsuite>
</testsuites>
